<?xml version="1.0" encoding="UTF-8"?>
<robot generator="Robot 5.0.1 (Python 3.10.4 on win32)" generated="20220628 21:33:48.024" rpa="false" schemaversion="3">
<suite id="s1" name="Amazon" source="C:\Users\bbp98\PycharmProjects\robot-selenium\Amazon\Tests\Amazon.robot">
<test id="s1-t1" name="User must sign in to check out" line="8">
<kw name="Open Browser" library="SeleniumLibrary">
<arg>http://www.amazon.com</arg>
<doc>Opens a new browser instance to the optional ``url``.</doc>
<msg timestamp="20220628 21:33:48.164" level="INFO">Opening browser 'firefox' to base url 'http://www.amazon.com'.</msg>
<msg timestamp="20220628 21:33:48.174" level="INFO">Firefox driver log is always forced to to: C:\Users\bbp98\PycharmProjects\robot-selenium\Amazon\Results\geckodriver-1.log</msg>
<status status="PASS" starttime="20220628 21:33:48.164" endtime="20220628 21:33:54.490"/>
</kw>
<kw name="Close Browser" library="SeleniumLibrary">
<doc>Closes the current browser.</doc>
<status status="PASS" starttime="20220628 21:33:54.490" endtime="20220628 21:33:55.188"/>
</kw>
<doc>This is some basic info about the test</doc>
<tag>Smoke</tag>
<status status="PASS" starttime="20220628 21:33:48.164" endtime="20220628 21:33:55.188"/>
</test>
<doc>This is some basic info about whole suites</doc>
<status status="PASS" starttime="20220628 21:33:48.024" endtime="20220628 21:33:55.194"/>
</suite>
<statistics>
<total>
<stat pass="1" fail="0" skip="0">All Tests</stat>
</total>
<tag>
<stat pass="1" fail="0" skip="0">Smoke</stat>
</tag>
<suite>
<stat pass="1" fail="0" skip="0" id="s1" name="Amazon">Amazon</stat>
</suite>
</statistics>
<errors>
</errors>
</robot>
